<?xml version="1.0" encoding="UTF-8"?>
<testsuite name="BoardTest" tests="3" skipped="0" failures="0" errors="0" timestamp="2016-09-14T18:54:33" hostname="epicodus-25.local" time="0.001">
  <properties/>
  <testcase name="newjob_GetsIDCorrectly" classname="BoardTest" time="0.001"/>
  <testcase name="newJobtoBoard_containsCorrectly" classname="BoardTest" time="0.0"/>
  <testcase name="newBoard_instantiatesCorrectly" classname="BoardTest" time="0.0"/>
  <system-out><![CDATA[]]></system-out>
  <system-err><![CDATA[]]></system-err>
</testsuite>
